YES
488
10 12
11 9
12 10
13 11
14 12
15 13
16 14
17 15
18 16
17 19
16 18
15 17
14 16
13 15
12 14
11 13
10 12
9 11
8 10
7 9
6 8
5 7
4 6
5 3
6 4
7 5
8 6
9 7
10 8
11 9
12 10
13 11
14 12
15 13
16 14
17 15
18 16
19 17
20 18
3 1
4 2
5 3
6 4
7 5
8 6
9 7
10 8
11 9
12 10
13 11
14 12
15 13
16 14
17 15
18 16
19 17
15 17
18 20
16 18
20 18
19 17
15 13
14 16
13 15
12 14
11 13
10 12
9 11
8 10
7 9
6 8
5 7
4 6
3 5
2 4
3 1
4 2
5 3
6 4
7 5
8 6
9 7
10 8
11 9
12 10
13 11
14 12
15 13
16 14
14 12
13 15
15 17
16 18
16 14
18 16
12 14
13 15
14 16
17 19
15 17
19 17
18 16
3 1
4 2
5 3
6 4
7 5
8 6
9 7
10 8
11 9
12 10
13 11
14 12
11 9
10 12
11 13
13 15
14 16
14 12
16 14
9 11
10 12
11 13
12 14
14 16
15 17
15 13
17 15
8 10
9 11
10 12
11 13
12 14
13 15
16 18
14 16
18 16
17 15
4 6
3 5
4 2
5 3
6 4
7 5
8 6
9 7
10 8
11 9
3 5
4 2
5 3
4 6
3 5
2 4
3 1
4 2
5 3
6 4
7 5
8 6
9 7
10 8
8 10
9 11
9 7
11 9
6 8
7 9
9 11
10 12
10 8
12 10
5 7
6 8
7 9
8 10
10 12
11 13
11 9
13 11
6 4
5 7
6 8
7 9
8 10
9 11
11 13
12 14
12 10
14 12
4 6
5 7
6 8
7 9
8 10
9 11
10 12
12 14
13 15
13 11
15 13
5 3
6 4
7 5
6 8
7 9
8 10
9 11
10 12
11 13
13 15
14 16
14 12
16 14
5 7
6 8
7 9
8 10
9 11
10 12
11 13
12 14
15 17
13 15
17 15
16 14
4 6
3 5
4 2
5 3
6 4
4 2
3 5
5 7
6 8
6 4
8 6
2 4
3 5
4 6
6 8
7 9
7 5
9 7
7 9
5 7
9 7
8 6
6 4
5 3
6 8
4 6
8 6
7 5
3 5
4 2
5 3
2 4
5 7
3 5
7 5
6 4
3 1
4 2
3 5
1 3
5 3
4 2
2 4
3 5
3 1
5 3
2 4
1 3
4 6
5 7
5 3
7 5
4 2
3 5
2 4
5 3
5 7
6 8
6 4
8 6
3 5
4 6
6 8
7 9
7 5
9 7
7 9
5 7
9 7
8 6
6 4
5 3
4 2
3 1
6 8
4 6
8 6
7 5
5 3
4 2
1 3
5 7
3 5
7 5
6 4
4 2
3 5
2 4
5 3
14 16
15 17
15 13
17 15
14 12
13 11
12 10
11 9
10 8
9 7
8 6
7 5
6 4
14 16
12 14
16 14
15 13
13 11
12 10
11 9
10 8
9 7
8 6
7 5
13 15
11 13
15 13
14 12
12 10
11 9
10 8
9 7
8 6
12 14
10 12
14 12
13 11
11 9
10 8
9 7
6 8
5 7
4 6
11 13
9 11
13 11
12 10
10 8
9 7
8 6
7 5
9 11
8 10
7 9
6 8
5 7
4 6
3 5
2 4
15 17
16 18
16 14
18 16
15 13
14 12
13 11
12 10
11 9
10 8
15 17
13 15
17 15
16 14
14 12
13 11
12 10
11 9
14 16
12 14
16 14
15 13
13 11
12 10
12 14
11 13
10 12
9 11
8 10
7 9
6 8
5 7
4 6
3 5
16 18
17 19
17 15
19 17
16 14
15 13
12 14
11 13
10 12
9 11
16 18
14 16
18 16
17 15
15 13
14 12
13 11
12 10
15 17
13 15
17 15
16 14
14 12
13 11
10 12
13 15
12 14
11 13
10 12
13 11
14 12
11 13
17 19
18 20
18 16
20 18
17 15
16 14
15 13
14 12
17 19
15 17
19 17
18 16
16 14
15 13
16 18
15 17
14 16
13 15
12 14
11 13
10 12
9 11
8 10
7 9
6 8
5 7
4 6
7 5
8 6
9 7
18 20
17 19
16 18
15 17
14 16
13 15
12 14
11 13
10 12
9 11
8 10
11 9
12 10
13 11
14 12
15 13
16 14
