YES
418
13 11
14 12
15 13
16 14
17 15
18 16
8 10
7 9
6 8
7 5
8 6
9 7
10 8
11 9
12 10
13 11
14 12
15 13
16 14
17 15
7 5
8 6
9 7
10 8
11 9
12 10
13 11
14 12
15 13
14 16
13 15
12 14
11 13
10 12
9 11
8 10
7 9
6 8
5 7
4 6
5 3
6 4
7 5
8 6
9 7
10 8
11 9
12 10
13 11
14 12
15 13
16 14
14 16
15 17
15 13
17 15
12 14
13 15
16 18
14 16
18 16
17 15
4 6
5 3
6 4
7 5
8 6
9 7
10 8
11 9
12 10
13 11
14 12
11 9
10 12
12 14
13 15
13 11
15 13
9 11
10 12
11 13
13 15
14 16
14 12
16 14
8 10
9 11
10 12
11 13
12 14
15 17
13 15
17 15
16 14
9 7
10 8
11 9
10 12
9 11
8 10
7 9
6 8
5 7
4 6
3 5
2 4
3 1
4 2
5 3
6 4
7 5
8 6
9 7
10 8
11 9
12 10
8 6
9 7
8 10
9 11
11 13
12 14
12 10
14 12
7 9
8 10
9 11
10 12
12 14
13 15
13 11
15 13
6 8
7 9
8 10
9 11
10 12
11 13
14 16
12 14
16 14
15 13
5 7
4 6
3 5
4 2
5 3
6 4
7 5
8 6
9 7
8 10
7 9
6 8
5 7
4 6
3 5
2 4
3 1
4 2
5 3
6 4
7 5
8 6
9 7
10 8
4 6
5 7
6 8
7 9
9 11
10 12
10 8
12 10
3 5
4 6
5 7
6 8
7 9
8 10
10 12
11 13
11 9
13 11
4 2
5 3
4 6
5 7
6 8
7 9
8 10
9 11
11 13
12 14
12 10
14 12
3 5
4 6
5 7
6 8
7 9
8 10
9 11
10 12
13 15
11 13
15 13
14 12
2 4
3 1
4 2
5 3
6 4
7 5
8 6
1 3
2 4
3 5
4 6
5 7
7 9
8 10
8 6
10 8
8 10
6 8
10 8
9 7
7 5
6 4
7 9
5 7
9 7
8 6
4 6
5 3
6 4
3 5
6 8
4 6
8 6
7 5
4 2
5 3
3 1
4 2
5 7
3 5
7 5
6 4
4 6
5 7
5 3
7 5
2 4
1 3
3 5
2 4
5 7
6 8
6 4
8 6
5 3
4 6
3 5
6 4
6 8
7 9
7 5
9 7
4 6
5 7
7 9
8 10
8 6
10 8
8 10
6 8
10 8
9 7
7 5
6 4
5 3
4 2
3 1
6 8
5 7
4 6
3 5
2 4
1 3
12 14
13 15
13 11
15 13
12 10
11 9
10 8
9 7
8 6
7 5
6 4
12 14
10 12
14 12
13 11
11 9
10 8
9 7
8 6
7 5
11 13
9 11
13 11
12 10
10 8
9 7
8 6
5 7
4 6
10 12
8 10
12 10
11 9
9 7
8 6
8 10
7 9
6 8
5 7
4 6
3 5
2 4
1 3
4 2
5 3
6 4
7 5
8 6
9 7
10 8
7 9
6 8
5 7
4 6
7 5
8 6
9 7
13 15
14 16
14 12
16 14
13 11
12 10
11 9
10 8
7 9
13 15
11 13
15 13
14 12
12 10
11 9
10 8
12 14
10 12
14 12
13 11
11 9
8 10
10 12
9 11
8 10
7 9
6 8
5 7
4 6
7 5
8 6
5 7
14 16
15 17
15 13
17 15
14 12
13 11
14 16
12 14
16 14
15 13
11 13
13 15
12 14
11 13
10 12
9 11
8 10
7 9
6 8
9 7
10 8
11 9
12 10
13 11
14 12
15 17
16 18
16 14
18 16
15 17
14 16
13 15
12 14
11 13
10 12
9 11
12 10
