YES
805
18 16
19 17
20 18
21 19
22 20
23 21
24 22
25 23
12 14
11 13
10 12
9 11
8 10
7 9
8 6
9 7
10 8
11 9
12 10
13 11
14 12
15 13
16 14
17 15
18 16
19 17
20 18
21 19
22 20
23 21
21 23
22 24
22 20
24 22
21 19
20 22
23 25
21 23
25 23
24 22
7 5
6 8
5 7
6 4
7 5
8 6
9 7
10 8
11 9
12 10
13 11
14 12
15 13
16 14
17 15
18 16
19 17
20 18
21 19
17 19
18 20
20 22
21 23
21 19
23 21
16 18
17 19
18 20
19 21
22 24
20 22
24 22
23 21
3 5
2 4
3 1
4 2
5 3
6 4
7 5
8 6
9 7
10 8
11 9
12 10
13 11
14 12
15 13
16 14
17 15
18 16
13 11
14 12
15 13
16 14
16 18
17 19
17 15
19 17
14 16
15 17
17 19
18 20
18 16
20 18
13 15
14 16
15 17
16 18
18 20
19 21
19 17
21 19
12 14
13 15
14 16
15 17
16 18
17 19
19 21
20 22
20 18
22 20
11 13
12 14
13 15
14 16
15 17
16 18
17 19
18 20
21 23
19 21
23 21
22 20
6 4
7 5
8 6
9 7
10 8
11 9
12 10
13 11
14 12
13 15
12 14
11 13
10 12
9 11
8 10
7 9
6 8
5 7
4 6
5 3
6 4
7 5
8 6
9 7
10 8
11 9
12 10
13 11
14 12
15 13
16 14
8 10
9 11
10 12
11 13
12 14
13 15
15 17
16 18
16 14
18 16
9 7
10 8
11 9
12 10
11 13
12 14
13 15
14 16
16 18
17 19
17 15
19 17
10 12
11 13
12 14
13 15
14 16
15 17
17 19
18 20
18 16
20 18
9 11
10 12
11 13
12 14
13 15
14 16
15 17
16 18
18 20
19 21
19 17
21 19
8 10
9 11
10 12
11 13
12 14
13 15
14 16
15 17
16 18
17 19
20 22
18 20
22 20
21 19
4 6
5 3
6 4
7 5
8 6
9 7
10 8
11 9
12 10
13 11
5 7
6 8
7 9
8 10
9 11
10 12
12 14
13 15
13 11
15 13
5 3
4 6
5 7
6 8
7 9
8 10
9 11
10 12
11 13
13 15
14 16
14 12
16 14
3 5
4 6
5 7
6 8
7 9
8 10
9 11
10 12
11 13
12 14
14 16
15 17
15 13
17 15
4 2
5 3
4 6
5 7
6 8
7 9
8 10
9 11
10 12
11 13
12 14
13 15
15 17
16 18
16 14
18 16
3 5
4 6
5 7
6 8
7 9
8 10
9 11
10 12
11 13
12 14
13 15
14 16
16 18
17 19
17 15
19 17
2 4
3 5
4 6
5 7
6 8
7 9
8 10
9 11
10 12
11 13
12 14
13 15
14 16
15 17
17 19
18 20
18 16
20 18
3 1
2 4
3 5
4 6
5 7
6 8
7 9
8 10
9 11
10 12
11 13
12 14
13 15
14 16
15 17
16 18
19 21
17 19
21 19
20 18
18 20
19 21
19 17
21 19
18 16
17 15
16 14
15 13
14 12
13 11
12 10
11 9
10 8
9 7
8 6
7 5
6 4
5 3
4 2
1 3
18 20
16 18
20 18
19 17
17 15
16 14
15 13
14 12
13 11
12 10
11 9
10 8
9 7
8 6
7 5
6 4
5 3
4 2
17 19
15 17
19 17
18 16
16 14
15 13
14 12
13 11
12 10
11 9
10 8
9 7
8 6
7 5
6 4
5 3
16 18
14 16
18 16
17 15
15 13
14 12
13 11
12 10
11 9
10 8
9 7
8 6
7 5
6 4
15 17
13 15
17 15
16 14
14 12
13 11
12 10
11 9
10 8
9 7
8 6
7 5
14 16
12 14
16 14
15 13
13 11
12 10
11 9
10 8
9 7
8 6
13 15
11 13
15 13
14 12
12 10
11 9
10 8
9 7
12 14
10 12
14 12
13 11
11 9
10 8
11 13
9 11
13 11
12 10
8 10
7 9
6 8
5 7
4 6
3 5
19 21
20 22
20 18
22 20
19 17
18 16
17 15
16 14
15 13
14 12
13 11
10 12
9 11
8 10
7 9
6 8
5 7
4 6
19 21
17 19
21 19
20 18
18 16
17 15
16 14
15 13
14 12
13 11
12 10
11 9
10 8
9 7
8 6
7 5
18 20
16 18
20 18
19 17
17 15
16 14
15 13
14 12
13 11
12 10
11 9
10 8
9 7
8 6
17 19
15 17
19 17
18 16
16 14
15 13
14 12
13 11
12 10
11 9
10 8
9 7
16 18
14 16
18 16
17 15
15 13
14 12
13 11
12 10
11 9
10 8
15 17
13 15
17 15
16 14
14 12
13 11
12 10
11 9
8 10
7 9
6 8
5 7
14 16
12 14
16 14
15 13
13 11
12 10
11 9
10 8
9 7
8 6
13 15
12 14
11 13
10 12
9 11
8 10
7 9
6 8
5 7
4 6
3 5
2 4
5 3
6 4
20 22
21 23
21 19
23 21
20 18
19 17
18 16
17 15
16 14
15 13
14 12
13 11
12 10
11 9
20 22
18 20
22 20
21 19
19 17
18 16
17 15
16 14
15 13
14 12
13 11
12 10
19 21
17 19
21 19
20 18
18 16
17 15
16 14
15 13
14 12
13 11
18 20
16 18
20 18
19 17
17 15
16 14
15 13
14 12
11 13
10 12
9 11
8 10
17 19
15 17
19 17
18 16
16 14
15 13
14 12
13 11
12 10
11 9
16 18
14 16
18 16
17 15
15 13
14 12
13 11
12 10
15 17
14 16
13 15
12 14
11 13
10 12
9 11
8 10
7 9
6 8
5 7
4 6
3 5
2 4
5 3
6 4
7 5
8 6
9 7
10 8
11 9
12 10
13 11
10 12
9 11
8 10
7 9
6 8
5 7
4 6
3 5
21 23
22 24
22 20
24 22
21 19
20 18
19 17
18 16
17 15
16 14
15 13
12 14
21 23
19 21
23 21
22 20
20 18
19 17
18 16
17 15
16 14
15 13
20 22
18 20
22 20
21 19
19 17
18 16
17 15
16 14
13 15
19 21
17 19
21 19
20 18
18 16
17 15
17 19
16 18
15 17
14 16
13 15
12 14
11 13
10 12
9 11
8 10
7 9
6 8
5 7
4 6
3 5
22 24
23 25
23 21
25 23
22 20
21 19
20 18
22 24
20 22
24 22
23 21
21 19
21 23
20 22
19 21
18 20
17 19
16 18
15 17
14 16
13 15
12 14
11 13
10 12
9 11
8 10
7 9
6 8
5 7
4 6
7 5
8 6
9 7
10 8
11 9
12 10
13 11
14 12
15 13
12 14
11 13
10 12
9 11
23 25
22 24
21 23
20 22
19 21
18 20
17 19
16 18
15 17
14 16
13 15
12 14
11 13
10 12
13 11
14 12
15 13
16 14
17 15
18 16
19 17
20 18
21 19
22 20
23 21
24 22
25 23
22 24
21 23
20 22
19 21
18 20
17 19
16 18
15 17
14 16
13 15
12 14
11 13
14 12
15 13
16 14
17 15
18 16
19 17
20 18
21 19
18 20
17 19
16 18
15 17
14 16
