YES
166
10 12
9 11
10 8
11 9
12 10
13 11
14 12
6 8
7 5
8 6
9 7
10 8
11 9
7 9
9 11
10 12
10 8
12 10
8 6
9 7
8 10
10 12
11 13
11 9
13 11
7 9
8 10
9 11
12 14
10 12
14 12
13 11
5 3
6 4
7 5
6 8
5 7
4 6
3 5
4 2
5 3
6 4
7 5
8 6
9 7
4 6
5 7
6 8
8 10
9 11
9 7
11 9
5 3
4 6
5 7
6 8
7 9
9 11
10 12
10 8
12 10
3 5
4 6
5 7
6 8
7 9
8 10
11 13
9 11
13 11
12 10
4 2
5 3
6 4
5 7
3 5
7 5
6 4
4 2
3 1
4 6
2 4
6 4
5 3
3 5
4 6
4 2
6 4
1 3
2 4
4 6
5 7
5 3
7 5
10 12
11 13
11 9
13 11
10 8
9 7
8 6
5 7
4 6
3 5
2 4
10 12
8 10
12 10
11 9
9 7
8 6
7 5
6 4
9 11
7 9
11 9
10 8
8 6
7 5
8 10
6 8
10 8
9 7
5 7
6 8
11 13
12 14
12 10
14 12
11 9
10 8
9 7
11 13
9 11
13 11
12 10
10 8
7 9
10 12
8 10
12 10
11 9
9 11
8 10
7 9
6 8
5 7
4 6
3 5
6 4
10 12
9 11
8 10
7 9
6 8
5 7
4 6
7 5
12 14
11 13
10 12
9 11
8 10
7 9
6 8
9 7
