YES
261
11 9
10 12
9 11
10 8
11 9
12 10
11 13
10 12
9 11
8 10
7 9
6 8
5 7
6 4
7 5
8 6
9 7
10 8
11 9
12 10
13 11
14 12
15 13
16 14
10 8
9 11
8 10
7 9
6 8
5 7
6 4
7 5
8 6
9 7
10 8
11 9
12 10
13 11
14 12
10 12
11 13
14 16
12 14
16 14
15 13
5 7
6 4
7 5
8 6
9 7
10 8
11 9
12 10
11 13
10 12
9 11
8 10
7 9
6 8
5 7
4 6
3 5
2 4
3 1
4 2
5 3
6 4
7 5
8 6
9 7
10 8
11 9
12 10
13 11
9 7
8 10
9 11
10 12
13 15
11 13
15 13
14 12
7 9
6 8
5 7
6 4
7 5
8 6
9 7
10 8
9 11
8 10
7 9
6 8
5 7
4 6
3 5
2 4
3 1
4 2
5 3
6 4
7 5
8 6
9 7
10 8
11 9
6 8
7 9
8 10
10 12
11 13
11 9
13 11
6 4
7 5
6 8
7 9
8 10
9 11
12 14
10 12
14 12
13 11
5 7
4 6
3 5
2 4
3 1
4 2
5 3
6 4
7 5
8 6
9 7
5 3
4 6
5 7
6 8
8 10
9 11
9 7
11 9
3 5
4 6
5 7
6 8
7 9
9 11
10 12
10 8
12 10
3 1
4 2
5 3
4 6
5 7
6 8
7 9
8 10
11 13
9 11
13 11
12 10
3 5
1 3
5 3
4 2
2 4
3 5
3 1
5 3
10 12
11 13
11 9
13 11
10 8
9 7
8 6
7 5
6 4
10 12
8 10
12 10
11 9
9 7
8 6
7 5
4 6
3 5
9 11
7 9
11 9
10 8
8 6
7 5
6 4
7 9
6 8
5 7
4 6
3 5
6 4
7 5
8 6
5 7
4 6
11 13
12 14
12 10
14 12
11 9
10 8
9 7
11 13
9 11
13 11
12 10
10 8
7 9
6 8
10 12
8 10
12 10
11 9
9 7
8 10
12 14
13 15
13 11
15 13
12 10
11 9
11 13
10 12
9 11
8 10
7 9
6 8
5 7
13 15
12 14
11 13
10 12
9 11
8 10
11 9
12 10
13 11
14 12
14 16
13 15
12 14
11 13
10 12
15 17
14 16
13 15
12 14
15 13
16 14
