YES
3475
8 6
9 7
10 8
9 11
8 10
7 9
6 8
7 5
8 6
9 7
10 8
11 9
12 10
13 11
14 12
15 13
16 14
17 15
18 16
19 17
20 18
21 19
20 22
19 21
18 20
17 19
16 18
15 17
14 16
13 15
12 14
11 13
10 12
9 11
8 10
7 9
6 8
5 7
4 6
3 5
4 2
5 3
6 4
7 5
8 6
9 7
10 8
11 9
12 10
13 11
14 12
15 13
16 14
17 15
18 16
19 17
20 18
21 19
22 20
23 21
24 22
25 23
26 24
27 25
28 26
29 27
30 28
31 29
32 30
33 31
34 32
35 33
36 34
37 35
38 36
39 37
40 38
41 39
42 40
30 28
31 29
32 30
33 31
34 32
35 33
36 34
37 35
38 36
39 37
40 38
28 30
27 29
26 28
25 27
26 24
27 25
28 26
29 27
30 28
31 29
32 30
33 31
34 32
35 33
36 34
37 35
38 36
37 39
36 38
35 37
34 36
33 35
32 34
31 33
30 32
29 31
28 30
27 29
26 28
25 27
24 26
23 25
22 24
21 23
20 22
19 21
18 20
19 17
20 18
21 19
22 20
23 21
24 22
25 23
26 24
27 25
28 26
29 27
30 28
31 29
32 30
33 31
34 32
35 33
36 34
37 35
38 36
39 37
15 13
16 14
17 15
18 16
17 19
16 18
15 17
14 16
13 15
12 14
11 13
10 12
9 11
8 10
7 9
6 8
5 7
4 6
3 5
4 2
5 3
6 4
7 5
8 6
9 7
10 8
11 9
12 10
13 11
14 12
15 13
16 14
17 15
18 16
19 17
20 18
21 19
22 20
23 21
24 22
25 23
26 24
27 25
28 26
29 27
30 28
31 29
32 30
33 31
34 32
35 33
36 34
37 35
38 36
35 37
37 39
38 40
38 36
40 38
36 34
35 37
36 38
38 40
39 41
39 37
41 39
34 36
35 37
36 38
37 39
40 42
38 40
42 40
41 39
19 17
18 20
17 19
16 18
17 15
18 16
19 17
20 18
21 19
22 20
23 21
24 22
25 23
26 24
27 25
28 26
29 27
30 28
31 29
32 30
33 31
32 34
31 33
30 32
29 31
28 30
27 29
26 28
25 27
24 26
23 25
22 24
21 23
20 22
19 21
18 20
17 19
16 18
15 17
14 16
13 15
12 14
11 13
10 12
9 11
8 10
7 9
6 8
5 7
4 6
3 5
2 4
3 1
4 2
5 3
6 4
7 5
8 6
9 7
10 8
11 9
12 10
13 11
14 12
15 13
16 14
17 15
18 16
19 17
20 18
21 19
22 20
23 21
24 22
25 23
26 24
27 25
28 26
29 27
30 28
31 29
32 30
33 31
34 32
35 33
36 34
33 31
34 32
34 36
35 37
35 33
37 35
32 34
33 35
35 37
36 38
36 34
38 36
31 33
32 34
33 35
34 36
36 38
37 39
37 35
39 37
32 30
31 33
32 34
33 35
34 36
35 37
37 39
38 40
38 36
40 38
30 32
31 33
32 34
33 35
34 36
35 37
36 38
39 41
37 39
41 39
40 38
18 20
17 19
16 18
15 17
14 16
13 15
12 14
11 13
10 12
9 11
8 10
7 9
6 8
5 7
4 6
3 5
2 4
3 1
4 2
5 3
6 4
7 5
8 6
9 7
10 8
11 9
12 10
13 11
14 12
15 13
16 14
17 15
18 16
19 17
20 18
21 19
22 20
23 21
24 22
25 23
26 24
27 25
28 26
29 27
30 28
31 29
32 30
33 31
34 32
29 27
30 28
29 31
30 32
32 34
33 35
33 31
35 33
28 30
29 31
30 32
31 33
33 35
34 36
34 32
36 34
27 29
28 30
29 31
30 32
31 33
32 34
34 36
35 37
35 33
37 35
28 26
29 27
30 28
31 29
32 30
31 33
32 34
33 35
35 37
36 38
36 34
38 36
30 32
31 33
32 34
33 35
34 36
36 38
37 39
37 35
39 37
29 31
30 32
31 33
32 34
33 35
34 36
35 37
38 40
36 38
40 38
39 37
28 30
27 29
26 28
27 25
28 26
29 27
30 28
31 29
30 32
29 31
28 30
27 29
26 28
25 27
24 26
23 25
24 22
25 23
26 24
27 25
28 26
29 27
30 28
31 29
32 30
27 25
28 26
27 29
28 30
29 31
31 33
32 34
32 30
34 32
26 28
27 29
28 30
29 31
30 32
32 34
33 35
33 31
35 33
25 27
26 28
27 29
28 30
29 31
30 32
31 33
33 35
34 36
34 32
36 34
26 24
27 25
26 28
27 29
28 30
29 31
30 32
31 33
32 34
34 36
35 37
35 33
37 35
25 27
26 28
27 29
28 30
29 31
30 32
31 33
32 34
33 35
35 37
36 38
36 34
38 36
24 26
25 27
26 28
27 29
28 30
29 31
30 32
31 33
32 34
33 35
34 36
37 39
35 37
39 37
38 36
25 23
24 26
23 25
24 22
25 23
26 24
27 25
28 26
29 27
30 28
29 31
28 30
27 29
26 28
25 27
24 26
23 25
22 24
21 23
20 22
21 19
22 20
23 21
24 22
25 23
26 24
27 25
28 26
29 27
30 28
31 29
24 22
23 25
24 26
25 27
26 28
27 29
28 30
30 32
31 33
31 29
33 31
22 24
23 25
24 26
25 27
26 28
27 29
28 30
29 31
31 33
32 34
32 30
34 32
23 21
24 22
25 23
26 24
27 25
28 26
27 29
28 30
29 31
30 32
32 34
33 35
33 31
35 33
26 28
27 29
28 30
29 31
30 32
31 33
33 35
34 36
34 32
36 34
25 27
26 28
27 29
28 30
29 31
30 32
31 33
32 34
34 36
35 37
35 33
37 35
24 26
25 27
26 28
27 29
28 30
29 31
30 32
31 33
32 34
33 35
36 38
34 36
38 36
37 35
23 25
22 24
21 23
20 22
21 19
22 20
23 21
24 22
25 23
26 24
27 25
28 26
29 27
28 30
27 29
26 28
25 27
24 26
23 25
22 24
21 23
20 22
19 21
18 20
17 19
16 18
15 17
14 16
13 15
12 14
11 13
10 12
9 11
8 10
7 9
6 8
5 7
4 6
3 5
4 2
5 3
6 4
7 5
8 6
9 7
10 8
11 9
12 10
13 11
14 12
15 13
16 14
17 15
18 16
19 17
20 18
21 19
22 20
23 21
24 22
25 23
26 24
27 25
28 26
29 27
30 28
21 19
22 20
23 21
22 24
23 25
24 26
25 27
26 28
27 29
29 31
30 32
30 28
32 30
21 23
22 24
23 25
24 26
25 27
26 28
27 29
28 30
30 32
31 33
31 29
33 31
20 22
21 23
22 24
23 25
24 26
25 27
26 28
27 29
28 30
29 31
31 33
32 34
32 30
34 32
19 21
20 22
21 23
22 24
23 25
24 26
25 27
26 28
27 29
28 30
29 31
30 32
32 34
33 35
33 31
35 33
20 18
21 19
22 20
23 21
24 22
25 23
26 24
27 25
26 28
27 29
28 30
29 31
30 32
31 33
33 35
34 36
34 32
36 34
25 27
26 28
27 29
28 30
29 31
30 32
31 33
32 34
35 37
33 35
37 35
36 34
3 1
4 2
5 3
6 4
7 5
8 6
9 7
10 8
11 9
12 10
13 11
14 12
15 13
16 14
17 15
18 16
19 17
20 18
21 19
22 20
23 21
24 22
25 23
26 24
27 25
28 26
22 24
23 25
24 26
26 28
27 29
27 25
29 27
21 23
22 24
23 25
24 26
25 27
27 29
28 30
28 26
30 28
20 22
21 23
22 24
23 25
24 26
25 27
26 28
28 30
29 31
29 27
31 29
19 21
20 22
21 23
22 24
23 25
24 26
25 27
26 28
27 29
29 31
30 32
30 28
32 30
18 20
19 21
20 22
21 23
22 24
23 25
24 26
25 27
26 28
27 29
28 30
30 32
31 33
31 29
33 31
17 19
18 20
19 21
20 22
21 23
22 24
23 25
24 26
25 27
26 28
27 29
28 30
29 31
31 33
32 34
32 30
34 32
16 18
17 19
18 20
19 21
20 22
21 23
22 24
23 25
24 26
25 27
26 28
27 29
28 30
29 31
30 32
32 34
33 35
33 31
35 33
17 15
18 16
19 17
20 18
21 19
22 20
23 21
24 22
25 23
26 24
25 27
26 28
27 29
28 30
29 31
30 32
31 33
34 36
32 34
36 34
35 33
9 11
8 10
9 7
10 8
11 9
12 10
13 11
12 14
11 13
10 12
9 11
8 10
7 9
6 8
5 7
4 6
5 3
6 4
7 5
8 6
9 7
10 8
11 9
12 10
13 11
14 12
15 13
16 14
17 15
18 16
19 17
20 18
21 19
22 20
23 21
24 22
25 23
26 24
22 24
23 25
25 27
26 28
26 24
28 26
21 23
22 24
23 25
24 26
26 28
27 29
27 25
29 27
20 22
21 23
22 24
23 25
24 26
25 27
27 29
28 30
28 26
30 28
19 21
20 22
21 23
22 24
23 25
24 26
25 27
26 28
28 30
29 31
29 27
31 29
18 20
19 21
20 22
21 23
22 24
23 25
24 26
25 27
26 28
27 29
29 31
30 32
30 28
32 30
17 19
18 20
19 21
20 22
21 23
22 24
23 25
24 26
25 27
26 28
27 29
28 30
30 32
31 33
31 29
33 31
16 18
17 19
18 20
19 21
20 22
21 23
22 24
23 25
24 26
25 27
26 28
27 29
28 30
29 31
31 33
32 34
32 30
34 32
15 17
16 18
17 19
18 20
19 21
20 22
21 23
22 24
23 25
24 26
25 27
26 28
27 29
28 30
29 31
30 32
33 35
31 33
35 33
34 32
9 11
8 10
7 9
6 8
5 7
4 6
5 3
6 4
7 5
8 6
9 7
10 8
11 9
12 10
13 11
14 12
15 13
16 14
17 15
18 16
19 17
20 18
12 14
13 15
14 16
15 17
16 18
17 19
19 21
20 22
20 18
22 20
11 13
12 14
13 15
14 16
15 17
16 18
17 19
18 20
20 22
21 23
21 19
23 21
12 10
13 11
14 12
15 13
16 14
17 15
18 16
17 19
18 20
19 21
21 23
22 24
22 20
24 22
16 18
17 19
18 20
19 21
20 22
22 24
23 25
23 21
25 23
15 17
16 18
17 19
18 20
19 21
20 22
21 23
23 25
24 26
24 22
26 24
14 16
15 17
16 18
17 19
18 20
19 21
20 22
21 23
22 24
24 26
25 27
25 23
27 25
13 15
14 16
15 17
16 18
17 19
18 20
19 21
20 22
21 23
22 24
23 25
25 27
26 28
26 24
28 26
12 14
13 15
14 16
15 17
16 18
17 19
18 20
19 21
20 22
21 23
22 24
23 25
24 26
26 28
27 29
27 25
29 27
11 13
12 14
13 15
14 16
15 17
16 18
17 19
18 20
19 21
20 22
21 23
22 24
23 25
24 26
25 27
27 29
28 30
28 26
30 28
10 12
11 13
12 14
13 15
14 16
15 17
16 18
17 19
18 20
19 21
20 22
21 23
22 24
23 25
24 26
25 27
26 28
28 30
29 31
29 27
31 29
11 9
10 12
11 13
12 14
13 15
14 16
15 17
16 18
17 19
18 20
19 21
20 22
21 23
22 24
23 25
24 26
25 27
26 28
27 29
29 31
30 32
30 28
32 30
9 11
10 12
11 13
12 14
13 15
14 16
15 17
16 18
17 19
18 20
19 21
20 22
21 23
22 24
23 25
24 26
25 27
26 28
27 29
28 30
30 32
31 33
31 29
33 31
10 8
11 9
12 10
11 13
12 14
13 15
14 16
15 17
16 18
17 19
18 20
19 21
20 22
21 23
22 24
23 25
24 26
25 27
26 28
27 29
28 30
29 31
32 34
30 32
34 32
33 31
10 12
9 11
8 10
9 7
10 8
11 9
12 10
9 7
10 8
9 11
11 13
12 14
12 10
14 12
8 10
9 11
10 12
12 14
13 15
13 11
15 13
7 9
8 10
9 11
10 12
11 13
13 15
14 16
14 12
16 14
6 4
7 5
8 6
9 7
10 8
11 9
10 12
11 13
12 14
14 16
15 17
15 13
17 15
9 11
10 12
11 13
12 14
13 15
15 17
16 18
16 14
18 16
8 10
9 11
10 12
11 13
12 14
13 15
14 16
16 18
17 19
17 15
19 17
7 9
8 10
9 11
10 12
11 13
12 14
13 15
14 16
15 17
17 19
18 20
18 16
20 18
6 8
7 9
8 10
9 11
10 12
11 13
12 14
13 15
14 16
15 17
16 18
18 20
19 21
19 17
21 19
5 7
6 8
7 9
8 10
9 11
10 12
11 13
12 14
13 15
14 16
15 17
16 18
17 19
19 21
20 22
20 18
22 20
4 6
5 7
6 8
7 9
8 10
9 11
10 12
11 13
12 14
13 15
14 16
15 17
16 18
17 19
18 20
20 22
21 23
21 19
23 21
5 3
6 4
7 5
8 6
9 7
10 8
11 9
10 12
11 13
12 14
13 15
14 16
15 17
16 18
17 19
18 20
19 21
21 23
22 24
22 20
24 22
9 11
10 12
11 13
12 14
13 15
14 16
15 17
16 18
17 19
18 20
19 21
20 22
22 24
23 25
23 21
25 23
8 10
9 11
10 12
11 13
12 14
13 15
14 16
15 17
16 18
17 19
18 20
19 21
20 22
21 23
23 25
24 26
24 22
26 24
7 9
8 10
9 11
10 12
11 13
12 14
13 15
14 16
15 17
16 18
17 19
18 20
19 21
20 22
21 23
22 24
24 26
25 27
25 23
27 25
6 8
7 9
8 10
9 11
10 12
11 13
12 14
13 15
14 16
15 17
16 18
17 19
18 20
19 21
20 22
21 23
22 24
23 25
25 27
26 28
26 24
28 26
5 7
6 8
7 9
8 10
9 11
10 12
11 13
12 14
13 15
14 16
15 17
16 18
17 19
18 20
19 21
20 22
21 23
22 24
23 25
24 26
26 28
27 29
27 25
29 27
4 6
5 7
6 8
7 9
8 10
9 11
10 12
11 13
12 14
13 15
14 16
15 17
16 18
17 19
18 20
19 21
20 22
21 23
22 24
23 25
24 26
25 27
27 29
28 30
28 26
30 28
3 5
4 6
5 7
6 8
7 9
8 10
9 11
10 12
11 13
12 14
13 15
14 16
15 17
16 18
17 19
18 20
19 21
20 22
21 23
22 24
23 25
24 26
25 27
26 28
28 30
29 31
29 27
31 29
4 2
5 3
6 4
7 5
8 6
9 7
8 10
9 11
10 12
11 13
12 14
13 15
14 16
15 17
16 18
17 19
18 20
19 21
20 22
21 23
22 24
23 25
24 26
25 27
26 28
27 29
29 31
30 32
30 28
32 30
7 9
8 10
9 11
10 12
11 13
12 14
13 15
14 16
15 17
16 18
17 19
18 20
19 21
20 22
21 23
22 24
23 25
24 26
25 27
26 28
27 29
28 30
31 33
29 31
33 31
32 30
1 3
2 4
3 5
4 6
6 8
7 9
7 5
9 7
7 9
5 7
9 7
8 6
6 4
5 3
6 8
4 6
8 6
7 5
3 5
4 2
5 3
2 4
5 7
3 5
7 5
6 4
3 1
4 2
3 5
1 3
5 3
4 2
2 4
3 5
3 1
5 3
2 4
1 3
4 6
5 7
5 3
7 5
4 2
3 5
2 4
5 3
5 7
6 8
6 4
8 6
3 5
4 6
6 8
7 9
7 5
9 7
30 32
31 33
31 29
33 31
30 28
29 27
28 26
27 25
26 24
25 23
24 22
23 21
22 20
21 19
20 18
19 17
18 16
17 15
16 14
15 13
14 12
13 11
12 10
11 9
10 8
30 32
28 30
32 30
31 29
29 27
28 26
27 25
26 24
25 23
24 22
23 21
22 20
21 19
20 18
19 17
18 16
17 15
16 14
15 13
14 12
13 11
12 10
11 9
29 31
27 29
31 29
30 28
28 26
27 25
26 24
25 23
24 22
23 21
22 20
21 19
20 18
19 17
18 16
17 15
16 14
15 13
14 12
13 11
12 10
28 30
26 28
30 28
29 27
27 25
26 24
25 23
24 22
23 21
22 20
21 19
20 18
19 17
18 16
17 15
16 14
15 13
14 12
13 11
10 12
9 11
8 10
7 9
6 8
5 7
4 6
3 5
2 4
1 3
27 29
25 27
29 27
28 26
26 24
25 23
24 22
23 21
22 20
21 19
20 18
19 17
18 16
17 15
16 14
15 13
14 12
13 11
12 10
11 9
10 8
9 7
8 6
7 5
6 4
5 3
4 2
26 28
24 26
28 26
27 25
25 23
24 22
23 21
22 20
21 19
20 18
19 17
18 16
17 15
16 14
15 13
14 12
13 11
12 10
11 9
10 8
9 7
8 6
7 5
6 4
5 3
25 27
23 25
27 25
26 24
24 22
23 21
22 20
21 19
20 18
19 17
18 16
17 15
16 14
15 13
14 12
13 11
12 10
11 9
10 8
9 7
8 6
7 5
6 4
24 26
22 24
26 24
25 23
23 21
22 20
21 19
20 18
19 17
18 16
17 15
16 14
15 13
14 12
13 11
12 10
11 9
10 8
9 7
8 6
7 5
23 25
21 23
25 23
24 22
22 20
21 19
20 18
19 17
18 16
17 15
16 14
15 13
14 12
13 11
12 10
11 9
10 8
9 7
8 6
22 24
20 22
24 22
23 21
21 19
20 18
19 17
18 16
17 15
16 14
15 13
14 12
13 11
12 10
11 9
10 8
9 7
21 23
19 21
23 21
22 20
20 18
19 17
18 16
17 15
16 14
15 13
14 12
13 11
12 10
11 9
10 8
20 22
18 20
22 20
21 19
19 17
18 16
17 15
16 14
15 13
14 12
13 11
12 10
11 9
8 10
7 9
6 8
5 7
4 6
3 5
19 21
17 19
21 19
20 18
18 16
17 15
16 14
15 13
14 12
13 11
12 10
11 9
10 8
9 7
8 6
7 5
6 4
18 20
16 18
20 18
19 17
17 15
16 14
15 13
14 12
13 11
12 10
11 9
10 8
9 7
8 6
7 5
17 19
15 17
19 17
18 16
16 14
15 13
14 12
13 11
12 10
11 9
10 8
9 7
8 6
16 18
14 16
18 16
17 15
15 13
14 12
13 11
12 10
11 9
10 8
9 7
15 17
13 15
17 15
16 14
14 12
13 11
12 10
11 9
10 8
7 9
6 8
5 7
4 6
13 15
12 14
11 13
10 12
9 11
8 10
7 9
6 8
5 7
4 6
3 5
6 4
7 5
8 6
9 7
10 8
11 9
12 10
9 11
8 10
7 9
6 8
5 7
4 6
7 5
8 6
9 7
10 8
11 9
31 33
32 34
32 30
34 32
31 29
30 28
29 27
28 26
27 25
26 24
25 23
24 22
23 21
22 20
21 19
20 18
19 17
18 16
17 15
16 14
15 13
14 12
13 11
12 10
31 33
29 31
33 31
32 30
30 28
29 27
28 26
27 25
26 24
25 23
24 22
23 21
22 20
21 19
20 18
19 17
18 16
17 15
16 14
15 13
14 12
13 11
30 32
28 30
32 30
31 29
29 27
28 26
27 25
26 24
25 23
24 22
23 21
22 20
21 19
20 18
19 17
18 16
17 15
16 14
15 13
14 12
29 31
27 29
31 29
30 28
28 26
27 25
26 24
25 23
24 22
23 21
22 20
21 19
20 18
19 17
18 16
17 15
16 14
15 13
28 30
26 28
30 28
29 27
27 25
26 24
25 23
24 22
23 21
22 20
21 19
20 18
19 17
18 16
17 15
16 14
13 15
12 14
11 13
10 12
9 11
8 10
7 9
27 29
25 27
29 27
28 26
26 24
25 23
24 22
23 21
22 20
21 19
20 18
19 17
18 16
17 15
16 14
15 13
14 12
13 11
12 10
11 9
10 8
26 28
24 26
28 26
27 25
25 23
24 22
23 21
22 20
21 19
20 18
19 17
18 16
17 15
16 14
15 13
14 12
13 11
12 10
11 9
25 27
23 25
27 25
26 24
24 22
23 21
22 20
21 19
20 18
19 17
18 16
17 15
16 14
15 13
14 12
13 11
12 10
24 26
22 24
26 24
25 23
23 21
22 20
21 19
20 18
19 17
18 16
17 15
16 14
15 13
14 12
13 11
23 25
21 23
25 23
24 22
22 20
21 19
20 18
19 17
18 16
17 15
16 14
15 13
14 12
22 24
20 22
24 22
23 21
21 19
20 18
19 17
18 16
17 15
16 14
15 13
21 23
19 21
23 21
22 20
20 18
19 17
18 16
17 15
16 14
20 22
18 20
22 20
21 19
19 17
18 16
17 15
14 16
13 15
12 14
11 13
10 12
9 11
8 10
19 21
17 19
21 19
20 18
18 16
17 15
16 14
15 13
14 12
13 11
12 10
11 9
17 19
16 18
15 17
14 16
13 15
12 14
11 13
10 12
9 11
32 34
33 35
33 31
35 33
32 30
31 29
30 28
29 27
28 26
27 25
26 24
25 23
24 22
23 21
22 20
21 19
20 18
19 17
18 16
17 15
16 14
15 13
14 12
32 34
30 32
34 32
33 31
31 29
30 28
29 27
28 26
27 25
26 24
25 23
24 22
23 21
22 20
21 19
20 18
19 17
18 16
17 15
16 14
15 13
31 33
29 31
33 31
32 30
30 28
29 27
28 26
27 25
26 24
25 23
24 22
23 21
22 20
21 19
20 18
19 17
18 16
17 15
16 14
30 32
28 30
32 30
31 29
29 27
28 26
27 25
26 24
25 23
24 22
23 21
22 20
21 19
20 18
19 17
18 16
17 15
29 31
27 29
31 29
30 28
28 26
27 25
26 24
25 23
24 22
23 21
22 20
21 19
20 18
19 17
18 16
15 17
14 16
13 15
12 14
11 13
28 30
26 28
30 28
29 27
27 25
26 24
25 23
24 22
23 21
22 20
21 19
20 18
19 17
18 16
17 15
16 14
15 13
14 12
27 29
25 27
29 27
28 26
26 24
25 23
24 22
23 21
22 20
21 19
20 18
19 17
18 16
17 15
16 14
15 13
26 28
24 26
28 26
27 25
25 23
24 22
23 21
22 20
21 19
20 18
19 17
18 16
17 15
16 14
25 27
23 25
27 25
26 24
24 22
23 21
22 20
21 19
20 18
19 17
18 16
17 15
14 16
13 15
12 14
24 26
22 24
26 24
25 23
23 21
22 20
21 19
20 18
19 17
18 16
17 15
16 14
15 13
23 25
21 23
25 23
24 22
22 20
21 19
20 18
19 17
18 16
17 15
16 14
13 15
22 24
20 22
24 22
23 21
21 19
20 18
19 17
18 16
17 15
16 14
21 23
19 21
23 21
22 20
20 18
19 17
18 16
17 15
19 21
18 20
17 19
16 18
15 17
14 16
13 15
12 14
11 13
10 12
9 11
12 10
13 11
14 12
15 13
16 14
17 15
18 16
19 17
20 18
21 19
18 20
17 19
16 18
15 17
14 16
13 15
12 14
11 13
14 12
15 13
16 14
17 15
18 16
19 17
16 18
33 35
34 36
34 32
36 34
33 31
32 30
31 29
30 28
29 27
28 26
27 25
26 24
25 23
24 22
23 21
22 20
21 19
20 18
19 17
33 35
31 33
35 33
34 32
32 30
31 29
30 28
29 27
28 26
27 25
26 24
25 23
24 22
23 21
22 20
21 19
20 18
17 19
32 34
30 32
34 32
33 31
31 29
30 28
29 27
28 26
27 25
26 24
25 23
24 22
23 21
22 20
21 19
20 18
31 33
29 31
33 31
32 30
30 28
29 27
28 26
27 25
26 24
25 23
24 22
23 21
22 20
21 19
18 20
30 32
28 30
32 30
31 29
29 27
28 26
27 25
26 24
25 23
24 22
23 21
22 20
21 19
29 31
27 29
31 29
30 28
28 26
27 25
26 24
25 23
24 22
23 21
22 20
28 30
26 28
30 28
29 27
27 25
26 24
25 23
24 22
23 21
27 29
25 27
29 27
28 26
26 24
25 23
24 22
26 28
24 26
28 26
27 25
25 23
24 26
23 25
22 24
21 23
20 22
19 21
18 20
17 19
16 18
15 17
14 16
13 15
12 14
11 13
10 12
9 11
8 10
7 9
6 8
5 7
4 6
3 5
6 4
7 5
8 6
5 7
25 27
24 26
23 25
22 24
21 23
20 22
19 21
18 20
17 19
16 18
15 17
14 16
34 36
35 37
35 33
37 35
34 32
33 31
32 30
31 29
30 28
29 27
28 26
27 25
26 24
25 23
22 24
21 23
20 22
19 21
18 20
34 36
32 34
36 34
35 33
33 31
32 30
31 29
30 28
29 27
28 26
27 25
26 24
25 23
24 22
23 21
22 20
21 19
33 35
31 33
35 33
34 32
32 30
31 29
30 28
29 27
28 26
27 25
26 24
25 23
24 22
23 21
22 20
32 34
30 32
34 32
33 31
31 29
30 28
29 27
28 26
27 25
26 24
25 23
24 22
23 21
31 33
29 31
33 31
32 30
30 28
29 27
28 26
27 25
26 24
25 23
24 22
21 23
20 22
19 21
30 32
28 30
32 30
31 29
29 27
28 26
27 25
26 24
25 23
24 22
23 21
22 20
29 31
27 29
31 29
30 28
28 26
27 25
26 24
25 23
24 22
23 21
20 22
27 29
26 28
25 27
24 26
23 25
22 24
21 23
20 22
19 21
18 20
17 19
16 18
15 17
18 16
19 17
20 18
21 19
22 20
23 21
24 22
25 23
26 24
27 25
28 26
29 27
26 28
25 27
24 26
23 25
22 24
21 23
20 22
19 21
22 20
23 21
24 22
25 23
22 24
21 23
20 22
23 21
24 22
35 37
36 38
36 34
38 36
35 33
34 32
33 31
32 30
31 29
30 28
29 27
28 26
27 25
26 24
25 23
35 37
33 35
37 35
36 34
34 32
33 31
32 30
31 29
30 28
29 27
28 26
27 25
26 24
34 36
32 34
36 34
35 33
33 31
32 30
31 29
30 28
29 27
28 26
27 25
33 35
31 33
35 33
34 32
32 30
31 29
30 28
29 27
28 26
32 34
30 32
34 32
33 31
31 29
30 28
29 27
26 28
25 27
24 26
23 25
22 24
21 23
31 33
29 31
33 31
32 30
30 28
29 27
28 26
27 25
26 24
25 23
24 22
30 32
28 30
32 30
31 29
29 27
28 26
27 25
26 24
25 23
29 31
28 30
27 29
26 28
25 27
24 26
23 25
22 24
21 23
20 22
19 21
18 20
17 19
16 18
15 17
14 16
13 15
12 14
11 13
10 12
9 11
8 10
7 9
6 8
9 7
10 8
11 9
12 10
36 38
37 39
37 35
39 37
36 34
35 33
34 32
33 31
32 30
31 29
30 28
29 27
28 26
36 38
34 36
38 36
37 35
35 33
34 32
33 31
32 30
31 29
30 28
29 27
26 28
25 27
24 26
35 37
33 35
37 35
36 34
34 32
33 31
32 30
31 29
30 28
29 27
28 26
27 25
34 36
32 34
36 34
35 33
33 31
32 30
31 29
30 28
29 27
28 26
33 35
31 33
35 33
34 32
32 30
31 29
30 28
29 27
26 28
25 27
32 34
30 32
34 32
33 31
31 29
30 28
29 27
28 26
30 32
29 31
28 30
27 29
26 28
25 27
24 26
23 25
22 24
21 23
24 22
25 23
26 24
27 25
28 26
29 27
30 28
31 29
32 30
29 31
28 30
27 29
26 28
29 27
37 39
38 40
38 36
40 38
37 35
36 34
35 33
34 32
33 31
32 30
31 29
30 28
37 39
35 37
39 37
38 36
36 34
35 33
34 32
33 31
32 30
31 29
28 30
27 29
36 38
34 36
38 36
37 35
35 33
34 32
33 31
32 30
31 29
30 28
35 37
33 35
37 35
36 34
34 32
33 31
32 30
31 29
34 36
32 34
36 34
35 33
33 31
32 30
33 35
31 33
35 33
34 32
32 34
31 33
30 32
29 31
28 30
27 29
26 28
25 27
24 26
23 25
22 24
21 23
20 22
19 21
18 20
17 19
16 18
15 17
14 16
13 15
12 14
11 13
10 12
9 11
8 10
7 9
6 8
9 7
10 8
11 9
12 10
13 11
14 12
15 13
16 14
17 15
18 16
19 17
20 18
21 19
22 20
23 21
24 22
25 23
26 24
27 25
28 26
29 27
30 28
27 29
26 28
25 27
24 26
23 25
22 24
21 23
20 22
19 21
18 20
17 19
16 18
15 17
14 16
13 15
12 14
15 13
16 14
17 15
18 16
19 17
20 18
21 19
22 20
23 21
24 22
25 23
26 24
27 25
28 26
29 27
26 28
33 35
32 34
31 33
30 32
29 31
28 30
27 29
26 28
25 27
24 26
23 25
22 24
21 23
20 22
19 21
18 20
17 19
16 18
15 17
14 16
13 15
12 14
15 13
16 14
17 15
18 16
19 17
20 18
21 19
22 20
23 21
24 22
25 23
26 24
27 25
28 26
29 27
30 28
31 29
28 30
27 29
26 28
25 27
24 26
23 25
22 24
38 40
39 41
39 37
41 39
38 36
37 35
36 34
35 33
34 32
38 40
36 38
40 38
39 37
37 35
36 34
35 33
37 39
35 37
39 37
38 36
36 34
33 35
32 34
35 37
34 36
33 35
32 34
31 33
30 32
29 31
28 30
27 29
26 28
25 27
24 26
23 25
22 24
21 23
20 22
19 21
18 20
17 19
16 18
15 17
14 16
13 15
12 14
11 13
10 12
9 11
8 10
7 9
6 8
5 7
4 6
3 5
6 4
7 5
8 6
9 7
10 8
7 9
6 8
5 7
8 6
39 41
40 42
40 38
42 40
39 37
38 36
37 35
39 41
37 39
41 39
40 38
38 36
35 37
38 40
36 38
40 38
39 37
37 39
36 38
35 37
34 36
33 35
32 34
31 33
30 32
29 31
28 30
27 29
26 28
25 27
24 26
23 25
22 24
21 23
20 22
19 21
18 20
17 19
16 18
15 17
14 16
17 15
18 16
19 17
20 18
21 19
22 20
23 21
24 22
25 23
26 24
27 25
28 26
29 27
30 28
31 29
32 30
33 31
34 32
35 33
36 34
37 35
38 36
39 37
36 38
35 37
34 36
33 35
38 40
37 39
36 38
35 37
40 42
39 41
38 40
37 39
36 38
35 37
34 36
33 35
32 34
31 33
30 32
29 31
28 30
27 29
26 28
25 27
24 26
23 25
22 24
21 23
20 22
19 21
18 20
17 19
16 18
15 17
14 16
13 15
12 14
11 13
10 12
9 11
8 10
7 9
6 8
5 7
4 6
3 5
6 4
7 5
8 6
9 7
10 8
11 9
12 10
13 11
14 12
15 13
16 14
17 15
18 16
19 17
20 18
21 19
22 20
23 21
24 22
25 23
26 24
27 25
24 26
23 25
22 24
21 23
20 22
19 21
18 20
17 19
16 18
15 17
14 16
13 15
12 14
11 13
10 12
9 11
8 10
11 9
