YES
2412
32 30
33 31
34 32
35 33
36 34
26 28
27 25
28 26
29 27
30 28
31 29
32 30
33 31
34 32
35 33
31 33
30 32
29 31
28 30
27 29
26 28
27 25
28 26
29 27
30 28
31 29
32 30
33 31
31 29
30 32
33 35
31 33
35 33
34 32
24 26
23 25
22 24
21 23
20 22
19 21
18 20
19 17
20 18
21 19
22 20
23 21
24 22
25 23
26 24
27 25
28 26
29 27
30 28
31 29
27 29
29 31
30 32
30 28
32 30
27 25
26 28
27 29
28 30
30 32
31 33
31 29
33 31
25 27
26 28
27 29
28 30
29 31
32 34
30 32
34 32
33 31
14 16
15 13
16 14
17 15
18 16
17 19
16 18
15 17
14 16
13 15
12 14
11 13
10 12
11 9
12 10
13 11
14 12
15 13
16 14
17 15
18 16
19 17
20 18
21 19
22 20
23 21
24 22
25 23
26 24
27 25
28 26
29 27
24 22
25 23
26 24
25 27
26 28
28 30
29 31
29 27
31 29
24 26
25 27
26 28
27 29
29 31
30 32
30 28
32 30
23 25
24 26
25 27
26 28
27 29
28 30
31 33
29 31
33 31
32 30
6 4
7 5
8 6
9 7
10 8
11 9
12 10
13 11
14 12
15 13
16 14
17 15
18 16
19 17
20 18
21 19
22 20
23 21
24 22
25 23
26 24
27 25
28 26
25 27
24 26
23 25
22 24
21 23
20 22
19 21
18 20
17 19
16 18
15 17
14 16
13 15
12 14
11 13
10 12
9 11
8 10
7 9
6 8
5 7
4 6
3 5
4 2
5 3
6 4
7 5
8 6
9 7
10 8
11 9
12 10
13 11
14 12
15 13
16 14
17 15
18 16
19 17
20 18
21 19
22 20
23 21
24 22
25 23
26 24
27 25
20 22
21 23
22 24
23 25
25 27
26 28
26 24
28 26
21 19
20 22
21 23
22 24
23 25
24 26
26 28
27 29
27 25
29 27
19 21
20 22
21 23
22 24
23 25
24 26
25 27
27 29
28 30
28 26
30 28
20 18
21 19
22 20
23 21
24 22
23 25
24 26
25 27
26 28
28 30
29 31
29 27
31 29
22 24
23 25
24 26
25 27
26 28
27 29
30 32
28 30
32 30
31 29
15 17
16 14
17 15
16 18
15 17
14 16
13 15
12 14
11 13
10 12
9 11
8 10
7 9
6 8
5 7
4 6
3 5
4 2
5 3
6 4
7 5
8 6
9 7
10 8
11 9
12 10
13 11
14 12
15 13
16 14
17 15
18 16
19 17
20 18
21 19
22 20
23 21
24 22
25 23
19 21
20 22
21 23
23 25
24 26
24 22
26 24
18 20
19 21
20 22
21 23
22 24
24 26
25 27
25 23
27 25
17 19
18 20
19 21
20 22
21 23
22 24
23 25
25 27
26 28
26 24
28 26
16 18
17 19
18 20
19 21
20 22
21 23
22 24
23 25
24 26
26 28
27 29
27 25
29 27
17 15
18 16
19 17
20 18
19 21
20 22
21 23
22 24
23 25
24 26
25 27
27 29
28 30
28 26
30 28
18 20
19 21
20 22
21 23
22 24
23 25
24 26
25 27
26 28
29 31
27 29
31 29
30 28
17 19
16 18
15 17
14 16
13 15
12 14
13 11
14 12
15 13
16 14
17 15
18 16
19 17
18 20
17 19
16 18
15 17
14 16
13 15
12 14
11 13
10 12
9 11
8 10
9 7
10 8
11 9
12 10
13 11
14 12
15 13
16 14
17 15
18 16
19 17
20 18
19 21
18 20
17 19
16 18
15 17
14 16
13 15
12 14
11 13
10 12
9 11
8 10
7 9
6 8
5 7
6 4
7 5
8 6
9 7
10 8
11 9
12 10
13 11
14 12
15 13
16 14
17 15
18 16
19 17
20 18
21 19
22 20
16 14
17 15
16 18
17 19
18 20
19 21
21 23
22 24
22 20
24 22
15 17
16 18
17 19
18 20
19 21
20 22
22 24
23 25
23 21
25 23
14 16
15 17
16 18
17 19
18 20
19 21
20 22
21 23
23 25
24 26
24 22
26 24
14 12
13 15
14 16
15 17
16 18
17 19
18 20
19 21
20 22
21 23
22 24
24 26
25 27
25 23
27 25
12 14
13 15
14 16
15 17
16 18
17 19
18 20
19 21
20 22
21 23
22 24
23 25
25 27
26 28
26 24
28 26
13 11
14 12
15 13
16 14
17 15
16 18
17 19
18 20
19 21
20 22
21 23
22 24
23 25
24 26
26 28
27 29
27 25
29 27
15 17
16 18
17 19
18 20
19 21
20 22
21 23
22 24
23 25
24 26
25 27
28 30
26 28
30 28
29 27
5 3
4 6
3 5
4 2
5 3
6 4
7 5
8 6
9 7
10 8
11 9
12 10
13 11
14 12
15 13
16 14
17 15
18 16
19 17
12 14
13 15
14 16
15 17
17 19
18 20
18 16
20 18
11 13
12 14
13 15
14 16
15 17
16 18
18 20
19 21
19 17
21 19
10 12
11 13
12 14
13 15
14 16
15 17
16 18
17 19
19 21
20 22
20 18
22 20
9 11
10 12
11 13
12 14
13 15
14 16
15 17
16 18
17 19
18 20
20 22
21 23
21 19
23 21
9 7
10 8
11 9
12 10
13 11
14 12
13 15
14 16
15 17
16 18
17 19
18 20
19 21
21 23
22 24
22 20
24 22
12 14
13 15
14 16
15 17
16 18
17 19
18 20
19 21
20 22
22 24
23 25
23 21
25 23
11 13
12 14
13 15
14 16
15 17
16 18
17 19
18 20
19 21
20 22
21 23
23 25
24 26
24 22
26 24
10 12
11 13
12 14
13 15
14 16
15 17
16 18
17 19
18 20
19 21
20 22
21 23
22 24
24 26
25 27
25 23
27 25
9 11
10 12
11 13
12 14
13 15
14 16
15 17
16 18
17 19
18 20
19 21
20 22
21 23
22 24
23 25
25 27
26 28
26 24
28 26
8 10
9 11
10 12
11 13
12 14
13 15
14 16
15 17
16 18
17 19
18 20
19 21
20 22
21 23
22 24
23 25
24 26
27 29
25 27
29 27
28 26
7 9
8 6
9 7
10 8
11 9
12 10
13 11
14 12
15 13
14 16
13 15
12 14
11 13
10 12
9 11
8 10
7 9
6 8
7 5
8 6
9 7
10 8
11 9
12 10
13 11
14 12
15 13
16 14
6 8
7 9
8 10
9 11
10 12
11 13
12 14
13 15
15 17
16 18
16 14
18 16
7 5
8 6
9 7
10 8
11 9
12 10
13 11
14 12
13 15
14 16
16 18
17 19
17 15
19 17
12 14
13 15
14 16
15 17
17 19
18 20
18 16
20 18
11 13
12 14
13 15
14 16
15 17
16 18
18 20
19 21
19 17
21 19
10 12
11 13
12 14
13 15
14 16
15 17
16 18
17 19
19 21
20 22
20 18
22 20
9 11
10 12
11 13
12 14
13 15
14 16
15 17
16 18
17 19
18 20
20 22
21 23
21 19
23 21
8 10
9 11
10 12
11 13
12 14
13 15
14 16
15 17
16 18
17 19
18 20
19 21
21 23
22 24
22 20
24 22
7 9
8 10
9 11
10 12
11 13
12 14
13 15
14 16
15 17
16 18
17 19
18 20
19 21
20 22
22 24
23 25
23 21
25 23
6 8
7 9
8 10
9 11
10 12
11 13
12 14
13 15
14 16
15 17
16 18
17 19
18 20
19 21
20 22
21 23
23 25
24 26
24 22
26 24
5 7
6 8
7 9
8 10
9 11
10 12
11 13
12 14
13 15
14 16
15 17
16 18
17 19
18 20
19 21
20 22
21 23
22 24
24 26
25 27
25 23
27 25
6 4
7 5
8 6
9 7
10 8
11 9
10 12
11 13
12 14
13 15
14 16
15 17
16 18
17 19
18 20
19 21
20 22
21 23
22 24
23 25
26 28
24 26
28 26
27 25
9 11
8 10
7 9
6 8
5 7
4 6
5 3
6 4
7 5
8 6
9 7
10 8
11 9
12 10
5 3
6 4
7 5
8 6
9 7
8 10
9 11
11 13
12 14
12 10
14 12
7 9
8 10
9 11
10 12
12 14
13 15
13 11
15 13
6 8
7 9
8 10
9 11
10 12
11 13
13 15
14 16
14 12
16 14
5 7
6 8
7 9
8 10
9 11
10 12
11 13
12 14
14 16
15 17
15 13
17 15
4 6
5 7
6 8
7 9
8 10
9 11
10 12
11 13
12 14
13 15
15 17
16 18
16 14
18 16
3 5
4 6
5 7
6 8
7 9
8 10
9 11
10 12
11 13
12 14
13 15
14 16
16 18
17 19
17 15
19 17
2 4
3 5
4 6
5 7
6 8
7 9
8 10
9 11
10 12
11 13
12 14
13 15
14 16
15 17
17 19
18 20
18 16
20 18
3 1
4 2
5 3
6 4
5 7
6 8
7 9
8 10
9 11
10 12
11 13
12 14
13 15
14 16
15 17
16 18
18 20
19 21
19 17
21 19
4 6
5 7
6 8
7 9
8 10
9 11
10 12
11 13
12 14
13 15
14 16
15 17
16 18
17 19
19 21
20 22
20 18
22 20
3 5
4 6
5 7
6 8
7 9
8 10
9 11
10 12
11 13
12 14
13 15
14 16
15 17
16 18
17 19
18 20
20 22
21 23
21 19
23 21
2 4
3 5
4 6
5 7
6 8
7 9
8 10
9 11
10 12
11 13
12 14
13 15
14 16
15 17
16 18
17 19
18 20
19 21
21 23
22 24
22 20
24 22
1 3
2 4
3 5
4 6
5 7
6 8
7 9
8 10
9 11
10 12
11 13
12 14
13 15
14 16
15 17
16 18
17 19
18 20
19 21
20 22
22 24
23 25
23 21
25 23
23 25
21 23
25 23
24 22
22 20
21 19
22 24
20 22
24 22
23 21
19 21
20 18
21 19
18 20
21 23
19 21
23 21
22 20
19 17
20 18
18 16
19 17
20 22
18 20
22 20
21 19
17 19
16 18
17 15
18 16
19 17
17 15
16 18
19 21
17 19
21 19
20 18
15 17
16 14
17 15
18 16
14 16
15 17
18 20
16 18
20 18
19 17
15 13
16 14
17 15
14 12
15 13
16 14
17 19
15 17
19 17
18 16
14 16
13 15
12 14
13 11
14 12
15 13
16 14
13 11
14 12
13 15
16 18
14 16
18 16
17 15
12 14
11 13
12 10
13 11
14 12
15 13
12 10
11 13
12 14
15 17
13 15
17 15
16 14
10 12
11 9
12 10
13 11
14 12
9 11
10 12
11 13
14 16
12 14
16 14
15 13
10 8
11 9
12 10
13 11
9 7
10 8
11 9
12 10
13 15
11 13
15 13
14 12
10 12
9 11
8 10
7 9
8 6
9 7
10 8
11 9
12 10
8 6
9 7
10 8
9 11
12 14
10 12
14 12
13 11
8 10
7 9
6 8
7 5
8 6
9 7
10 8
11 9
7 5
8 6
7 9
8 10
11 13
9 11
13 11
12 10
6 8
5 7
6 4
7 5
8 6
9 7
10 8
6 4
5 7
6 8
7 9
10 12
8 10
12 10
11 9
4 6
5 3
6 4
7 5
8 6
9 7
3 5
4 6
5 7
6 8
9 11
7 9
11 9
10 8
4 2
5 3
6 4
7 5
8 6
3 1
4 2
5 3
6 4
7 5
8 10
6 8
10 8
9 7
5 7
3 5
7 5
6 4
4 2
3 1
4 6
2 4
6 4
5 3
3 5
4 6
4 2
6 4
1 3
2 4
4 6
5 7
5 3
7 5
7 9
8 10
8 6
10 8
5 7
4 6
3 5
2 4
1 3
6 8
5 7
4 6
3 5
2 4
8 10
9 11
9 7
11 9
8 6
7 5
6 4
5 3
7 9
6 8
5 7
4 6
3 5
6 4
9 11
10 12
10 8
12 10
9 7
8 6
7 5
4 6
8 10
7 9
6 8
5 7
4 6
7 5
8 6
10 12
11 13
11 9
13 11
10 8
9 7
6 8
5 7
9 11
8 10
7 9
6 8
5 7
8 6
9 7
10 8
11 13
12 14
12 10
14 12
11 9
8 10
7 9
6 8
10 12
9 11
8 10
7 9
6 8
9 7
10 8
11 9
12 10
12 14
13 15
13 11
15 13
10 12
9 11
8 10
7 9
11 13
10 12
9 11
8 10
13 15
14 16
14 12
16 14
13 11
12 10
11 9
12 14
11 13
10 12
9 11
12 10
14 16
15 17
15 13
17 15
14 12
13 11
10 12
13 15
12 14
11 13
10 12
13 11
14 12
15 17
16 18
16 14
18 16
15 13
12 14
11 13
14 16
13 15
12 14
11 13
14 12
15 13
16 14
16 18
17 19
17 15
19 17
14 16
13 15
12 14
15 17
14 16
13 15
17 19
18 20
18 16
20 18
17 15
16 14
16 18
15 17
14 16
17 15
18 20
19 21
19 17
21 19
18 16
15 17
17 19
16 18
15 17
18 16
19 17
19 21
20 22
20 18
22 20
17 19
16 18
18 20
17 19
20 22
21 23
21 19
23 21
20 18
19 21
18 20
21 19
21 23
22 24
22 20
24 22
19 21
20 22
22 24
23 25
23 21
25 23
23 25
21 23
25 23
24 22
22 20
21 19
20 18
19 17
18 16
17 15
16 14
15 13
14 12
13 11
12 10
11 9
10 8
9 7
8 6
7 5
6 4
5 3
4 2
3 1
22 24
20 22
24 22
23 21
21 19
20 18
19 17
18 16
17 15
16 14
15 13
14 12
13 11
12 10
11 9
10 8
9 7
8 6
7 5
6 4
5 3
4 2
21 23
19 21
23 21
22 20
20 18
19 17
18 16
17 15
16 14
15 13
14 12
13 11
12 10
11 9
10 8
9 7
8 6
7 5
6 4
5 3
20 22
18 20
22 20
21 19
19 17
18 16
17 15
16 14
15 13
14 12
13 11
12 10
11 9
10 8
9 7
8 6
7 5
6 4
3 5
2 4
1 3
19 21
17 19
21 19
20 18
18 16
17 15
16 14
15 13
14 12
13 11
12 10
11 9
10 8
9 7
8 6
7 5
6 4
5 3
4 2
18 20
16 18
20 18
19 17
17 15
16 14
15 13
14 12
13 11
12 10
11 9
10 8
9 7
8 6
7 5
6 4
5 3
17 19
15 17
19 17
18 16
16 14
15 13
14 12
13 11
12 10
11 9
10 8
9 7
8 6
7 5
6 4
16 18
14 16
18 16
17 15
15 13
14 12
13 11
12 10
11 9
10 8
9 7
8 6
7 5
15 17
13 15
17 15
16 14
14 12
13 11
12 10
11 9
10 8
9 7
8 6
14 16
12 14
16 14
15 13
13 11
12 10
11 9
10 8
9 7
13 15
11 13
15 13
14 12
12 10
11 9
10 8
7 9
6 8
5 7
4 6
3 5
2 4
11 13
10 12
9 11
8 10
7 9
6 8
5 7
4 6
3 5
25 27
26 28
26 24
28 26
25 23
24 22
23 21
22 20
21 19
20 18
19 17
18 16
17 15
16 14
15 13
14 12
13 11
12 10
11 9
10 8
9 7
8 6
7 5
6 4
25 27
23 25
27 25
26 24
24 22
23 21
22 20
21 19
20 18
19 17
18 16
17 15
16 14
15 13
14 12
13 11
12 10
11 9
10 8
9 7
8 6
7 5
24 26
22 24
26 24
25 23
23 21
22 20
21 19
20 18
19 17
18 16
17 15
16 14
15 13
14 12
13 11
12 10
11 9
10 8
9 7
8 6
23 25
21 23
25 23
24 22
22 20
21 19
20 18
19 17
18 16
17 15
16 14
15 13
14 12
13 11
12 10
11 9
10 8
9 7
22 24
20 22
24 22
23 21
21 19
20 18
19 17
18 16
17 15
16 14
15 13
14 12
13 11
12 10
11 9
10 8
7 9
6 8
5 7
4 6
21 23
19 21
23 21
22 20
20 18
19 17
18 16
17 15
16 14
15 13
14 12
13 11
12 10
11 9
10 8
9 7
8 6
7 5
20 22
18 20
22 20
21 19
19 17
18 16
17 15
16 14
15 13
14 12
13 11
12 10
11 9
10 8
9 7
8 6
5 7
19 21
17 19
21 19
20 18
18 16
17 15
16 14
15 13
14 12
13 11
12 10
11 9
10 8
9 7
8 6
18 20
16 18
20 18
19 17
17 15
16 14
15 13
14 12
13 11
12 10
11 9
10 8
9 7
17 19
15 17
19 17
18 16
16 14
15 13
14 12
13 11
12 10
11 9
10 8
7 9
6 8
16 18
14 16
18 16
17 15
15 13
14 12
13 11
12 10
11 9
10 8
9 7
15 17
13 15
17 15
16 14
14 12
13 11
12 10
11 9
10 8
7 9
13 15
12 14
11 13
10 12
9 11
8 10
7 9
6 8
5 7
4 6
7 5
8 6
9 7
10 8
11 9
26 28
27 29
27 25
29 27
26 24
25 23
24 22
23 21
22 20
21 19
20 18
19 17
18 16
17 15
16 14
15 13
14 12
13 11
12 10
26 28
24 26
28 26
27 25
25 23
24 22
23 21
22 20
21 19
20 18
19 17
18 16
17 15
16 14
15 13
14 12
13 11
10 12
9 11
8 10
25 27
23 25
27 25
26 24
24 22
23 21
22 20
21 19
20 18
19 17
18 16
17 15
16 14
15 13
14 12
13 11
12 10
11 9
24 26
22 24
26 24
25 23
23 21
22 20
21 19
20 18
19 17
18 16
17 15
16 14
15 13
14 12
13 11
12 10
23 25
21 23
25 23
24 22
22 20
21 19
20 18
19 17
18 16
17 15
16 14
15 13
14 12
13 11
10 12
9 11
22 24
20 22
24 22
23 21
21 19
20 18
19 17
18 16
17 15
16 14
15 13
14 12
13 11
12 10
21 23
19 21
23 21
22 20
20 18
19 17
18 16
17 15
16 14
15 13
14 12
13 11
20 22
18 20
22 20
21 19
19 17
18 16
17 15
16 14
15 13
14 12
19 21
17 19
21 19
20 18
18 16
17 15
16 14
15 13
18 20
16 18
20 18
19 17
17 15
16 14
13 15
12 14
11 13
10 12
27 29
28 30
28 26
30 28
27 25
26 24
25 23
24 22
23 21
22 20
21 19
20 18
27 29
25 27
29 27
28 26
26 24
25 23
24 22
23 21
22 20
21 19
26 28
24 26
28 26
27 25
25 23
24 22
23 21
22 20
19 21
18 20
17 19
16 18
15 17
14 16
13 15
12 14
11 13
25 27
23 25
27 25
26 24
24 22
23 21
22 20
21 19
20 18
19 17
18 16
17 15
16 14
15 13
14 12
24 26
22 24
26 24
25 23
23 21
22 20
21 19
20 18
19 17
18 16
17 15
16 14
15 13
23 25
21 23
25 23
24 22
22 20
21 19
20 18
19 17
18 16
17 15
16 14
13 15
12 14
22 24
20 22
24 22
23 21
21 19
20 18
19 17
18 16
17 15
16 14
15 13
20 22
19 21
18 20
17 19
16 18
15 17
14 16
28 30
29 31
29 27
31 29
28 26
27 25
26 24
25 23
24 22
23 21
22 20
21 19
20 18
19 17
18 16
17 15
28 30
26 28
30 28
29 27
27 25
26 24
25 23
24 22
23 21
22 20
21 19
20 18
19 17
18 16
27 29
25 27
29 27
28 26
26 24
25 23
24 22
23 21
22 20
21 19
20 18
19 17
26 28
24 26
28 26
27 25
25 23
24 22
23 21
22 20
21 19
20 18
25 27
23 25
27 25
26 24
24 22
23 21
22 20
21 19
24 26
22 24
26 24
25 23
23 21
22 20
23 25
21 23
25 23
24 22
22 24
21 23
20 22
19 21
18 20
17 19
16 18
15 17
14 16
13 15
12 14
11 13
10 12
9 11
8 10
7 9
6 8
5 7
4 6
3 5
2 4
5 3
29 31
30 32
30 28
32 30
29 27
28 26
27 25
26 24
23 25
22 24
21 23
20 22
19 21
18 20
17 19
29 31
27 29
31 29
30 28
28 26
27 25
26 24
25 23
24 22
23 21
22 20
21 19
20 18
28 30
26 28
30 28
29 27
27 25
26 24
25 23
24 22
23 21
22 20
21 19
27 29
25 27
29 27
28 26
26 24
25 23
24 22
23 21
22 20
19 21
18 20
26 28
24 26
28 26
27 25
25 23
24 22
23 21
22 20
21 19
25 27
24 26
23 25
22 24
21 23
20 22
19 21
18 20
17 19
16 18
15 17
14 16
13 15
12 14
11 13
10 12
9 11
8 10
7 9
6 8
5 7
4 6
3 5
2 4
30 32
31 33
31 29
33 31
30 28
29 27
28 26
27 25
26 24
25 23
24 22
30 32
28 30
32 30
31 29
29 27
28 26
27 25
26 24
25 23
22 24
21 23
29 31
27 29
31 29
30 28
28 26
27 25
26 24
25 23
24 22
27 29
26 28
25 27
24 26
23 25
22 24
21 23
20 22
19 21
18 20
17 19
16 18
19 17
31 33
32 34
32 30
34 32
31 29
30 28
29 27
28 26
31 33
29 31
33 31
32 30
30 28
29 27
26 28
30 32
28 30
32 30
31 29
29 31
28 30
27 29
26 28
25 27
24 26
23 25
22 24
21 23
20 22
19 21
22 20
23 21
24 22
21 23
20 22
32 34
33 35
33 31
35 33
30 32
31 33
33 35
32 34
31 33
30 32
29 31
28 30
27 29
26 28
25 27
24 26
23 25
22 24
21 23
24 22
25 23
22 24
